<?xml version="1.0" encoding="UTF-8"?>
<!-- Generated by org.testng.reporters.JUnitReportReporter -->
<testsuite hostname="DESKTOP-9S969CC" failures="0" tests="1" name="asawari.HomePageTests" time="11.269" errors="0" timestamp="2023-10-16T22:23:24 IST" skipped="0">
  <testcase classname="asawari.HomePageTests" name="verifySearchResultsOnSearchingFalcon" time="11.269"/>
</testsuite> <!-- asawari.HomePageTests -->
